FATAL [Thread-2] 2025-11-01T15:16:08,633 GUIScheduleRunner - RunTimeException when running the schedule
Current tick (0.0)
java.lang.RuntimeException: java.lang.reflect.InvocationTargetException
	at repast.simphony.engine.schedule.DynamicTargetAction.execute(DynamicTargetAction.java:72) ~[?:?]
	at repast.simphony.engine.controller.ScheduledMethodControllerAction$ScheduleMethodAllAction.execute(ScheduledMethodControllerAction.java:336) ~[?:?]
	at repast.simphony.engine.schedule.DefaultAction.execute(DefaultAction.java:38) ~[?:?]
	at repast.simphony.engine.schedule.ScheduleGroup.executeList(ScheduleGroup.java:205) ~[?:?]
	at repast.simphony.engine.schedule.ScheduleGroup.execute(ScheduleGroup.java:231) ~[?:?]
	at repast.simphony.engine.schedule.Schedule.execute(Schedule.java:375) ~[?:?]
	at repast.simphony.ui.GUIScheduleRunner$ScheduleLoopRunnable.run(GUIScheduleRunner.java:52) ~[?:?]
	at java.lang.Thread.run(Thread.java:833) ~[?:?]
Caused by: java.lang.reflect.InvocationTargetException
	at subtes.relogo.UserObserver$$FastClassByCGLIB$$8c740765.invoke(<generated>) ~[?:?]
	at net.sf.cglib.reflect.FastMethod.invoke(FastMethod.java:53) ~[?:?]
	at repast.simphony.engine.schedule.DynamicTargetAction.execute(DynamicTargetAction.java:69) ~[?:?]
	... 7 more
Caused by: groovy.lang.GroovyRuntimeException: Ambiguous method overloading for method java.math.BigDecimal#plus.
Cannot resolve which method to invoke for [null] due to overlapping prototypes between:
	[class java.lang.Character]
	[class java.lang.String]
	[class java.lang.Number]
	[class java.math.MathContext]
	at groovy.lang.MetaClassImpl.doChooseMostSpecificParams(MetaClassImpl.java:3326) ~[groovy-3.0.21-indy.jar:3.0.21]
	at groovy.lang.MetaClassImpl.chooseMostSpecificParams(MetaClassImpl.java:3302) ~[groovy-3.0.21-indy.jar:3.0.21]
	at groovy.lang.MetaClassImpl.chooseMethodInternal(MetaClassImpl.java:3292) ~[groovy-3.0.21-indy.jar:3.0.21]
	at groovy.lang.MetaClassImpl.chooseMethod(MetaClassImpl.java:3236) ~[groovy-3.0.21-indy.jar:3.0.21]
	at groovy.lang.MetaClassImpl.getNormalMethodWithCaching(MetaClassImpl.java:1446) ~[groovy-3.0.21-indy.jar:3.0.21]
	at groovy.lang.MetaClassImpl.getMethodWithCaching(MetaClassImpl.java:1362) ~[groovy-3.0.21-indy.jar:3.0.21]
	at org.codehaus.groovy.vmplugin.v8.Selector$MethodSelector.chooseMeta(Selector.java:599) ~[groovy-3.0.21-indy.jar:3.0.21]
	at org.codehaus.groovy.vmplugin.v8.Selector$MethodSelector.setCallSiteTarget(Selector.java:1014) ~[groovy-3.0.21-indy.jar:3.0.21]
	at org.codehaus.groovy.vmplugin.v8.IndyInterface.fallback(IndyInterface.java:351) ~[groovy-3.0.21-indy.jar:3.0.21]
	at org.codehaus.groovy.vmplugin.v8.IndyInterface.access$000(IndyInterface.java:49) ~[groovy-3.0.21-indy.jar:3.0.21]
	at org.codehaus.groovy.vmplugin.v8.IndyInterface$FallbackSupplier.get(IndyInterface.java:281) ~[groovy-3.0.21-indy.jar:3.0.21]
	at org.codehaus.groovy.vmplugin.v8.IndyInterface.lambda$fromCache$1(IndyInterface.java:301) ~[groovy-3.0.21-indy.jar:3.0.21]
	at java.util.HashMap.computeIfAbsent(HashMap.java:1220) ~[?:?]
	at org.codehaus.groovy.vmplugin.v8.CacheableCallSite.getAndPut(CacheableCallSite.java:61) ~[groovy-3.0.21-indy.jar:3.0.21]
	at org.codehaus.groovy.vmplugin.v8.IndyInterface.lambda$fromCache$2(IndyInterface.java:298) ~[groovy-3.0.21-indy.jar:3.0.21]
	at org.codehaus.groovy.vmplugin.v8.IndyInterface.doWithCallSite(IndyInterface.java:367) ~[groovy-3.0.21-indy.jar:3.0.21]
	at org.codehaus.groovy.vmplugin.v8.IndyInterface.fromCache(IndyInterface.java:295) ~[groovy-3.0.21-indy.jar:3.0.21]
	at subtes.relogo.UserObserver.setup(UserObserver.groovy:41) ~[?:?]
	at subtes.relogo.UserObserver$$FastClassByCGLIB$$8c740765.invoke(<generated>) ~[?:?]
	at net.sf.cglib.reflect.FastMethod.invoke(FastMethod.java:53) ~[?:?]
	at repast.simphony.engine.schedule.DynamicTargetAction.execute(DynamicTargetAction.java:69) ~[?:?]
	... 7 more
FATAL [Thread-2] 2025-11-01T15:18:24,546 GUIScheduleRunner - RunTimeException when running the schedule
Current tick (0.0)
java.lang.RuntimeException: java.lang.reflect.InvocationTargetException
	at repast.simphony.engine.schedule.DynamicTargetAction.execute(DynamicTargetAction.java:72) ~[?:?]
	at repast.simphony.engine.controller.ScheduledMethodControllerAction$ScheduleMethodAllAction.execute(ScheduledMethodControllerAction.java:336) ~[?:?]
	at repast.simphony.engine.schedule.DefaultAction.execute(DefaultAction.java:38) ~[?:?]
	at repast.simphony.engine.schedule.ScheduleGroup.executeList(ScheduleGroup.java:205) ~[?:?]
	at repast.simphony.engine.schedule.ScheduleGroup.execute(ScheduleGroup.java:231) ~[?:?]
	at repast.simphony.engine.schedule.Schedule.execute(Schedule.java:375) ~[?:?]
	at repast.simphony.ui.GUIScheduleRunner$ScheduleLoopRunnable.run(GUIScheduleRunner.java:52) ~[?:?]
	at java.lang.Thread.run(Thread.java:833) ~[?:?]
Caused by: java.lang.reflect.InvocationTargetException
	at subtes.relogo.UserObserver$$FastClassByCGLIB$$8c740765.invoke(<generated>) ~[?:?]
	at net.sf.cglib.reflect.FastMethod.invoke(FastMethod.java:53) ~[?:?]
	at repast.simphony.engine.schedule.DynamicTargetAction.execute(DynamicTargetAction.java:69) ~[?:?]
	... 7 more
Caused by: groovy.lang.GroovyRuntimeException: Ambiguous method overloading for method java.math.BigDecimal#plus.
Cannot resolve which method to invoke for [null] due to overlapping prototypes between:
	[class java.lang.Character]
	[class java.lang.String]
	[class java.lang.Number]
	[class java.math.MathContext]
	at groovy.lang.MetaClassImpl.doChooseMostSpecificParams(MetaClassImpl.java:3326) ~[groovy-3.0.21-indy.jar:3.0.21]
	at groovy.lang.MetaClassImpl.chooseMostSpecificParams(MetaClassImpl.java:3302) ~[groovy-3.0.21-indy.jar:3.0.21]
	at groovy.lang.MetaClassImpl.chooseMethodInternal(MetaClassImpl.java:3292) ~[groovy-3.0.21-indy.jar:3.0.21]
	at groovy.lang.MetaClassImpl.chooseMethod(MetaClassImpl.java:3236) ~[groovy-3.0.21-indy.jar:3.0.21]
	at groovy.lang.MetaClassImpl.getNormalMethodWithCaching(MetaClassImpl.java:1446) ~[groovy-3.0.21-indy.jar:3.0.21]
	at groovy.lang.MetaClassImpl.getMethodWithCaching(MetaClassImpl.java:1362) ~[groovy-3.0.21-indy.jar:3.0.21]
	at org.codehaus.groovy.vmplugin.v8.Selector$MethodSelector.chooseMeta(Selector.java:599) ~[groovy-3.0.21-indy.jar:3.0.21]
	at org.codehaus.groovy.vmplugin.v8.Selector$MethodSelector.setCallSiteTarget(Selector.java:1014) ~[groovy-3.0.21-indy.jar:3.0.21]
	at org.codehaus.groovy.vmplugin.v8.IndyInterface.fallback(IndyInterface.java:351) ~[groovy-3.0.21-indy.jar:3.0.21]
	at org.codehaus.groovy.vmplugin.v8.IndyInterface.access$000(IndyInterface.java:49) ~[groovy-3.0.21-indy.jar:3.0.21]
	at org.codehaus.groovy.vmplugin.v8.IndyInterface$FallbackSupplier.get(IndyInterface.java:281) ~[groovy-3.0.21-indy.jar:3.0.21]
	at org.codehaus.groovy.vmplugin.v8.IndyInterface.lambda$fromCache$1(IndyInterface.java:301) ~[groovy-3.0.21-indy.jar:3.0.21]
	at java.util.HashMap.computeIfAbsent(HashMap.java:1220) ~[?:?]
	at org.codehaus.groovy.vmplugin.v8.CacheableCallSite.getAndPut(CacheableCallSite.java:61) ~[groovy-3.0.21-indy.jar:3.0.21]
	at org.codehaus.groovy.vmplugin.v8.IndyInterface.lambda$fromCache$2(IndyInterface.java:298) ~[groovy-3.0.21-indy.jar:3.0.21]
	at org.codehaus.groovy.vmplugin.v8.IndyInterface.doWithCallSite(IndyInterface.java:367) ~[groovy-3.0.21-indy.jar:3.0.21]
	at org.codehaus.groovy.vmplugin.v8.IndyInterface.fromCache(IndyInterface.java:295) ~[groovy-3.0.21-indy.jar:3.0.21]
	at subtes.relogo.UserObserver.setup(UserObserver.groovy:41) ~[?:?]
	at subtes.relogo.UserObserver$$FastClassByCGLIB$$8c740765.invoke(<generated>) ~[?:?]
	at net.sf.cglib.reflect.FastMethod.invoke(FastMethod.java:53) ~[?:?]
	at repast.simphony.engine.schedule.DynamicTargetAction.execute(DynamicTargetAction.java:69) ~[?:?]
	... 7 more
FATAL [Thread-2] 2025-11-01T15:33:28,763 GUIScheduleRunner - RunTimeException when running the schedule
Current tick (0.0)
java.lang.RuntimeException: java.lang.reflect.InvocationTargetException
	at repast.simphony.engine.schedule.DynamicTargetAction.execute(DynamicTargetAction.java:72) ~[?:?]
	at repast.simphony.engine.controller.ScheduledMethodControllerAction$ScheduleMethodAllAction.execute(ScheduledMethodControllerAction.java:336) ~[?:?]
	at repast.simphony.engine.schedule.DefaultAction.execute(DefaultAction.java:38) ~[?:?]
	at repast.simphony.engine.schedule.ScheduleGroup.executeList(ScheduleGroup.java:205) ~[?:?]
	at repast.simphony.engine.schedule.ScheduleGroup.execute(ScheduleGroup.java:231) ~[?:?]
	at repast.simphony.engine.schedule.Schedule.execute(Schedule.java:375) ~[?:?]
	at repast.simphony.ui.GUIScheduleRunner$ScheduleLoopRunnable.run(GUIScheduleRunner.java:52) ~[?:?]
	at java.lang.Thread.run(Thread.java:833) ~[?:?]
Caused by: java.lang.reflect.InvocationTargetException
	at subtes.relogo.UserObserver$$FastClassByCGLIB$$8c740765.invoke(<generated>) ~[?:?]
	at net.sf.cglib.reflect.FastMethod.invoke(FastMethod.java:53) ~[?:?]
	at repast.simphony.engine.schedule.DynamicTargetAction.execute(DynamicTargetAction.java:69) ~[?:?]
	... 7 more
Caused by: org.codehaus.groovy.runtime.typehandling.GroovyCastException: Cannot cast object 'null' with class 'null' to class 'int'. Try 'java.lang.Integer' instead
	at org.codehaus.groovy.runtime.typehandling.DefaultTypeTransformation.castToNumber(DefaultTypeTransformation.java:175) ~[groovy-3.0.21-indy.jar:3.0.21]
	at org.codehaus.groovy.runtime.typehandling.DefaultTypeTransformation.intUnbox(DefaultTypeTransformation.java:81) ~[groovy-3.0.21-indy.jar:3.0.21]
	at subtes.relogo.UserObserver.setup(UserObserver.groovy:41) ~[?:?]
	at subtes.relogo.UserObserver$$FastClassByCGLIB$$8c740765.invoke(<generated>) ~[?:?]
	at net.sf.cglib.reflect.FastMethod.invoke(FastMethod.java:53) ~[?:?]
	at repast.simphony.engine.schedule.DynamicTargetAction.execute(DynamicTargetAction.java:69) ~[?:?]
	... 7 more
FATAL [Thread-2] 2025-11-01T16:05:01,636 GUIScheduleRunner - RunTimeException when running the schedule
Current tick (1.0)
groovy.lang.MissingPropertyException: No such property: T for class: subtes.relogo.UserObserver
	at org.codehaus.groovy.runtime.ScriptBytecodeAdapter.unwrap(ScriptBytecodeAdapter.java:65) ~[groovy-3.0.21-indy.jar:3.0.21]
	at org.codehaus.groovy.vmplugin.v8.IndyGuardsFiltersAndSignatures.unwrap(IndyGuardsFiltersAndSignatures.java:160) ~[groovy-3.0.21-indy.jar:3.0.21]
	at org.codehaus.groovy.vmplugin.v8.IndyInterface.fromCache(IndyInterface.java:318) ~[groovy-3.0.21-indy.jar:3.0.21]
	at subtes.relogo.UserObserver.base_total(UserObserver.groovy:293) ~[?:?]
	at jdk.internal.reflect.NativeMethodAccessorImpl.invoke0(Native Method) ~[?:?]
	at jdk.internal.reflect.NativeMethodAccessorImpl.invoke(NativeMethodAccessorImpl.java:77) ~[?:?]
	at jdk.internal.reflect.DelegatingMethodAccessorImpl.invoke(DelegatingMethodAccessorImpl.java:43) ~[?:?]
	at java.lang.reflect.Method.invoke(Method.java:568) ~[?:?]
	at org.codehaus.groovy.reflection.CachedMethod.invoke(CachedMethod.java:107) ~[groovy-3.0.21-indy.jar:3.0.21]
	at groovy.lang.MetaMethod.doMethodInvoke(MetaMethod.java:323) ~[groovy-3.0.21-indy.jar:3.0.21]
	at groovy.lang.MetaClassImpl.invokeMethod(MetaClassImpl.java:1254) ~[groovy-3.0.21-indy.jar:3.0.21]
	at groovy.lang.MetaClassImpl.invokeMethod(MetaClassImpl.java:1030) ~[groovy-3.0.21-indy.jar:3.0.21]
	at org.codehaus.groovy.runtime.InvokerHelper.invokePogoMethod(InvokerHelper.java:1036) ~[groovy-3.0.21-indy.jar:3.0.21]
	at org.codehaus.groovy.runtime.InvokerHelper.invokeMethod(InvokerHelper.java:1019) ~[groovy-3.0.21-indy.jar:3.0.21]
	at org.codehaus.groovy.runtime.ScriptBytecodeAdapter.invokeMethodN(ScriptBytecodeAdapter.java:180) ~[groovy-3.0.21-indy.jar:3.0.21]
	at org.codehaus.groovy.runtime.ScriptBytecodeAdapter.invokeMethod0(ScriptBytecodeAdapter.java:201) ~[groovy-3.0.21-indy.jar:3.0.21]
	at repast.simphony.relogo.factories.ReLogoGlobalsAndPanelComponentsFactory$_createMonitor_closure5.doCall(ReLogoGlobalsAndPanelComponentsFactory.groovy:126) ~[?:?]
	at jdk.internal.reflect.NativeMethodAccessorImpl.invoke0(Native Method) ~[?:?]
	at jdk.internal.reflect.NativeMethodAccessorImpl.invoke(NativeMethodAccessorImpl.java:77) ~[?:?]
	at jdk.internal.reflect.DelegatingMethodAccessorImpl.invoke(DelegatingMethodAccessorImpl.java:43) ~[?:?]
	at java.lang.reflect.Method.invoke(Method.java:568) ~[?:?]
	at org.codehaus.groovy.reflection.CachedMethod.invoke(CachedMethod.java:107) ~[groovy-3.0.21-indy.jar:3.0.21]
	at groovy.lang.MetaMethod.doMethodInvoke(MetaMethod.java:323) ~[groovy-3.0.21-indy.jar:3.0.21]
	at org.codehaus.groovy.runtime.metaclass.ClosureMetaClass.invokeMethod(ClosureMetaClass.java:274) ~[groovy-3.0.21-indy.jar:3.0.21]
	at groovy.lang.MetaClassImpl.invokeMethod(MetaClassImpl.java:1030) ~[groovy-3.0.21-indy.jar:3.0.21]
	at groovy.lang.Closure.call(Closure.java:427) ~[groovy-3.0.21-indy.jar:3.0.21]
	at org.codehaus.groovy.runtime.ConvertedMap.invokeCustom(ConvertedMap.java:54) ~[groovy-3.0.21-indy.jar:3.0.21]
	at org.codehaus.groovy.runtime.ConversionHandler.invoke(ConversionHandler.java:112) ~[groovy-3.0.21-indy.jar:3.0.21]
	at jdk.proxy3.$Proxy22.execute(Unknown Source) ~[?:?]
	at repast.simphony.engine.schedule.DefaultAction.execute(DefaultAction.java:38) ~[?:?]
	at repast.simphony.engine.schedule.ScheduleGroup.executeList(ScheduleGroup.java:205) ~[?:?]
	at repast.simphony.engine.schedule.ScheduleGroup.execute(ScheduleGroup.java:231) ~[?:?]
	at repast.simphony.engine.schedule.Schedule.execute(Schedule.java:375) ~[?:?]
	at repast.simphony.ui.GUIScheduleRunner$ScheduleLoopRunnable.run(GUIScheduleRunner.java:52) ~[?:?]
	at java.lang.Thread.run(Thread.java:833) ~[?:?]
